<?xml version="1.0" encoding="UTF-8"?>
<testsuite name="l187.BoxTest" tests="1" skipped="0" failures="0" errors="0" timestamp="2022-10-11T06:11:34" hostname="KOS-NOTEBOOK" time="0.049">
  <properties/>
  <testcase name="testBox()" classname="l187.BoxTest" time="0.049"/>
  <system-out><![CDATA[]]></system-out>
  <system-err><![CDATA[]]></system-err>
</testsuite>
